{
"contracts/Carpediem.sol":{"l":{"76":13,"77":13,"78":13,"79":13,"80":13,"81":13,"82":13,"83":13,"84":13,"85":13,"86":13,"90":1,"94":0,"97":4,"98":3,"105":718,"106":718,"107":717,"108":716,"109":716,"110":716,"114":716,"126":660,"130":17,"131":17,"132":16,"133":15,"134":15,"135":15,"136":14,"137":13,"138":13,"139":13,"140":13,"141":13,"147":13,"148":13,"158":12,"167":274,"168":274,"169":273,"170":273,"171":272,"172":272,"173":272,"174":272,"175":272,"176":272,"177":240,"178":210,"186":1,"187":1,"188":1,"196":297,"197":297,"198":297,"199":297,"200":111,"205":297,"213":729,"214":729,"215":729,"224":729,"234":729,"235":729,"236":729,"237":729,"238":729,"239":690,"242":39,"249":729,"250":729,"251":729,"252":729,"253":729,"254":690,"257":39,"266":273,"267":273,"268":273,"269":90,"270":39,"271":39,"272":13,"275":13,"277":183,"287":272,"288":272,"289":272,"290":272,"291":272,"292":1088,"298":272,"299":272,"300":13,"302":259,"312":272,"313":272,"314":52,"315":52,"316":52,"317":52},"path":"/Users/sergeyvagapov/Solidity/carpediem-sc/contracts/Carpediem.sol","s":{"1":13,"2":13,"3":13,"4":13,"5":13,"6":13,"7":13,"8":13,"9":13,"10":13,"11":13,"12":1,"13":0,"14":4,"15":3,"16":718,"17":718,"18":717,"19":716,"20":716,"21":716,"22":716,"23":660,"24":17,"25":17,"26":16,"27":15,"28":15,"29":15,"30":14,"31":13,"32":13,"33":13,"34":13,"35":13,"36":13,"37":13,"38":12,"39":274,"40":274,"41":273,"42":273,"43":272,"44":272,"45":272,"46":272,"47":272,"48":240,"49":210,"50":1,"51":1,"52":1,"53":297,"54":297,"55":297,"56":297,"57":111,"58":297,"59":729,"60":729,"61":729,"62":729,"63":729,"64":729,"65":729,"66":729,"67":729,"68":690,"69":39,"70":729,"71":729,"72":729,"73":729,"74":729,"75":690,"76":39,"77":273,"78":273,"79":273,"80":90,"81":51,"82":39,"83":39,"84":26,"85":13,"86":13,"87":183,"88":272,"89":272,"90":272,"91":272,"92":272,"93":1088,"94":1088,"95":272,"96":272,"97":13,"98":259,"99":272,"100":272,"101":52,"102":52,"103":13,"104":52,"105":52},"b":{"1":[3,1],"2":[717,1],"3":[716,1],"4":[16,1],"5":[15,1],"6":[14,1],"7":[13,1],"8":[273,1],"9":[272,1],"10":[111,186],"11":[690,39],"12":[690,39],"13":[90,183],"14":[51,39],"15":[26,13],"16":[1088,0],"17":[13,259],"18":[52,220],"19":[13,39]},"f":{"1":13,"2":1,"3":0,"4":4,"5":718,"6":17,"7":274,"8":1,"9":297,"10":729,"11":729,"12":729,"13":729,"14":273,"15":272,"16":272},"fnMap":{"1":{"name":"constructor","line":65,"loc":{"start":{"line":65,"column":4},"end":{"line":88,"column":4}}},"2":{"name":"getWallets","line":89,"loc":{"start":{"line":89,"column":4},"end":{"line":91,"column":4}}},"3":{"name":"getPercents","line":93,"loc":{"start":{"line":93,"column":4},"end":{"line":95,"column":4}}},"4":{"name":"setWallets","line":96,"loc":{"start":{"line":96,"column":4},"end":{"line":99,"column":4}}},"5":{"name":"deposit","line":101,"loc":{"start":{"line":101,"column":4},"end":{"line":127,"column":4}}},"6":{"name":"upgradeStake","line":129,"loc":{"start":{"line":129,"column":4},"end":{"line":164,"column":4}}},"7":{"name":"withdraw","line":166,"loc":{"start":{"line":166,"column":4},"end":{"line":179,"column":4}}},"8":{"name":"getPenalty","line":181,"loc":{"start":{"line":181,"column":4},"end":{"line":189,"column":4}}},"9":{"name":"getReward","line":191,"loc":{"start":{"line":191,"column":4},"end":{"line":206,"column":4}}},"10":{"name":"_buyShares","line":209,"loc":{"start":{"line":209,"column":4},"end":{"line":216,"column":4}}},"11":{"name":"_getBoostedShares","line":219,"loc":{"start":{"line":219,"column":4},"end":{"line":228,"column":4}}},"12":{"name":"_getBonusB","line":230,"loc":{"start":{"line":230,"column":4},"end":{"line":243,"column":4}}},"13":{"name":"_getBonusL","line":245,"loc":{"start":{"line":245,"column":4},"end":{"line":258,"column":4}}},"14":{"name":"_getPenalty","line":260,"loc":{"start":{"line":260,"column":4},"end":{"line":280,"column":4}}},"15":{"name":"_distributePenalty","line":282,"loc":{"start":{"line":282,"column":4},"end":{"line":306,"column":4}}},"16":{"name":"_changeSharesPrice","line":308,"loc":{"start":{"line":308,"column":4},"end":{"line":319,"column":4}}}},"statementMap":{"1":{"start":{"line":76,"column":8},"end":{"line":76,"column":21}},"2":{"start":{"line":77,"column":8},"end":{"line":77,"column":17}},"3":{"start":{"line":78,"column":8},"end":{"line":78,"column":22}},"4":{"start":{"line":79,"column":8},"end":{"line":79,"column":35}},"5":{"start":{"line":80,"column":8},"end":{"line":80,"column":35}},"6":{"start":{"line":81,"column":8},"end":{"line":81,"column":35}},"7":{"start":{"line":82,"column":8},"end":{"line":82,"column":35}},"8":{"start":{"line":83,"column":8},"end":{"line":83,"column":34}},"9":{"start":{"line":84,"column":8},"end":{"line":84,"column":43}},"10":{"start":{"line":85,"column":8},"end":{"line":85,"column":43}},"11":{"start":{"line":86,"column":8},"end":{"line":86,"column":25}},"12":{"start":{"line":90,"column":8},"end":{"line":90,"column":22}},"13":{"start":{"line":94,"column":8},"end":{"line":94,"column":30}},"14":{"start":{"line":97,"column":8},"end":{"line":97,"column":70}},"15":{"start":{"line":98,"column":8},"end":{"line":98,"column":28}},"16":{"start":{"line":105,"column":8},"end":{"line":105,"column":37}},"17":{"start":{"line":106,"column":8},"end":{"line":106,"column":53}},"18":{"start":{"line":107,"column":8},"end":{"line":107,"column":48}},"19":{"start":{"line":108,"column":8},"end":{"line":108,"column":52}},"20":{"start":{"line":109,"column":8},"end":{"line":109,"column":73}},"21":{"start":{"line":110,"column":8},"end":{"line":110,"column":35}},"22":{"start":{"line":114,"column":8},"end":{"line":114,"column":3855}},"23":{"start":{"line":126,"column":8},"end":{"line":126,"column":71}},"24":{"start":{"line":130,"column":8},"end":{"line":130,"column":37}},"25":{"start":{"line":131,"column":8},"end":{"line":131,"column":53}},"26":{"start":{"line":132,"column":8},"end":{"line":132,"column":68}},"27":{"start":{"line":133,"column":8},"end":{"line":133,"column":57}},"28":{"start":{"line":134,"column":8},"end":{"line":134,"column":53}},"29":{"start":{"line":135,"column":8},"end":{"line":135,"column":48}},"30":{"start":{"line":136,"column":8},"end":{"line":136,"column":70}},"31":{"start":{"line":137,"column":8},"end":{"line":137,"column":62}},"32":{"start":{"line":138,"column":8},"end":{"line":138,"column":57}},"33":{"start":{"line":139,"column":8},"end":{"line":139,"column":56}},"34":{"start":{"line":140,"column":8},"end":{"line":140,"column":80}},"35":{"start":{"line":141,"column":8},"end":{"line":141,"column":4931}},"36":{"start":{"line":147,"column":8},"end":{"line":147,"column":57}},"37":{"start":{"line":148,"column":8},"end":{"line":148,"column":5173}},"38":{"start":{"line":158,"column":8},"end":{"line":158,"column":5469}},"39":{"start":{"line":167,"column":8},"end":{"line":167,"column":37}},"40":{"start":{"line":168,"column":8},"end":{"line":168,"column":68}},"41":{"start":{"line":169,"column":8},"end":{"line":169,"column":57}},"42":{"start":{"line":170,"column":8},"end":{"line":170,"column":48}},"43":{"start":{"line":171,"column":8},"end":{"line":171,"column":52}},"44":{"start":{"line":172,"column":8},"end":{"line":172,"column":72}},"45":{"start":{"line":173,"column":8},"end":{"line":173,"column":60}},"46":{"start":{"line":174,"column":8},"end":{"line":174,"column":65}},"47":{"start":{"line":175,"column":8},"end":{"line":175,"column":52}},"48":{"start":{"line":177,"column":8},"end":{"line":177,"column":65}},"49":{"start":{"line":178,"column":8},"end":{"line":178,"column":55}},"50":{"start":{"line":186,"column":8},"end":{"line":186,"column":56}},"51":{"start":{"line":187,"column":8},"end":{"line":187,"column":51}},"52":{"start":{"line":188,"column":8},"end":{"line":188,"column":60}},"53":{"start":{"line":196,"column":8},"end":{"line":196,"column":63}},"54":{"start":{"line":197,"column":8},"end":{"line":197,"column":63}},"55":{"start":{"line":198,"column":8},"end":{"line":198,"column":35}},"56":{"start":{"line":199,"column":8},"end":{"line":199,"column":6966}},"57":{"start":{"line":200,"column":12},"end":{"line":200,"column":7045}},"58":{"start":{"line":205,"column":8},"end":{"line":205,"column":21}},"59":{"start":{"line":213,"column":8},"end":{"line":213,"column":64}},"60":{"start":{"line":214,"column":8},"end":{"line":214,"column":67}},"61":{"start":{"line":215,"column":8},"end":{"line":215,"column":39}},"62":{"start":{"line":224,"column":8},"end":{"line":224,"column":7859}},"63":{"start":{"line":234,"column":8},"end":{"line":234,"column":37}},"64":{"start":{"line":235,"column":8},"end":{"line":235,"column":55}},"65":{"start":{"line":236,"column":8},"end":{"line":236,"column":34}},"66":{"start":{"line":237,"column":8},"end":{"line":237,"column":35}},"67":{"start":{"line":238,"column":8},"end":{"line":238,"column":8265}},"68":{"start":{"line":239,"column":12},"end":{"line":239,"column":8304}},"69":{"start":{"line":242,"column":8},"end":{"line":242,"column":54}},"70":{"start":{"line":249,"column":8},"end":{"line":249,"column":37}},"71":{"start":{"line":250,"column":8},"end":{"line":250,"column":55}},"72":{"start":{"line":251,"column":8},"end":{"line":251,"column":34}},"73":{"start":{"line":252,"column":8},"end":{"line":252,"column":35}},"74":{"start":{"line":253,"column":8},"end":{"line":253,"column":8762}},"75":{"start":{"line":254,"column":12},"end":{"line":254,"column":8798}},"76":{"start":{"line":257,"column":8},"end":{"line":257,"column":54}},"77":{"start":{"line":266,"column":8},"end":{"line":266,"column":51}},"78":{"start":{"line":267,"column":8},"end":{"line":267,"column":52}},"79":{"start":{"line":268,"column":8},"end":{"line":268,"column":9217}},"80":{"start":{"line":269,"column":12},"end":{"line":269,"column":77}},"81":{"start":{"line":269,"column":69},"end":{"line":269,"column":77}},"82":{"start":{"line":270,"column":12},"end":{"line":270,"column":75}},"83":{"start":{"line":271,"column":12},"end":{"line":271,"column":47}},"84":{"start":{"line":271,"column":33},"end":{"line":271,"column":47}},"85":{"start":{"line":272,"column":12},"end":{"line":272,"column":9507}},"86":{"start":{"line":275,"column":12},"end":{"line":275,"column":30}},"87":{"start":{"line":277,"column":8},"end":{"line":277,"column":9651}},"88":{"start":{"line":287,"column":8},"end":{"line":287,"column":46}},"89":{"start":{"line":288,"column":8},"end":{"line":288,"column":54}},"90":{"start":{"line":289,"column":8},"end":{"line":289,"column":34}},"91":{"start":{"line":290,"column":8},"end":{"line":290,"column":33}},"92":{"start":{"line":291,"column":8},"end":{"line":291,"column":10058}},"93":{"start":{"line":292,"column":12},"end":{"line":292,"column":10158}},"94":{"start":{"line":292,"column":37},"end":{"line":292,"column":10182}},"95":{"start":{"line":298,"column":8},"end":{"line":298,"column":63}},"96":{"start":{"line":299,"column":8},"end":{"line":299,"column":10390}},"97":{"start":{"line":300,"column":12},"end":{"line":300,"column":21}},"98":{"start":{"line":302,"column":12},"end":{"line":302,"column":10493}},"99":{"start":{"line":312,"column":8},"end":{"line":312,"column":39}},"100":{"start":{"line":313,"column":8},"end":{"line":313,"column":10760}},"101":{"start":{"line":314,"column":12},"end":{"line":314,"column":76}},"102":{"start":{"line":315,"column":12},"end":{"line":315,"column":59}},"103":{"start":{"line":315,"column":39},"end":{"line":315,"column":58}},"104":{"start":{"line":316,"column":12},"end":{"line":316,"column":34}},"105":{"start":{"line":317,"column":12},"end":{"line":317,"column":45}}},"branchMap":{"1":{"line":97,"type":"if","locations":[{"start":{"line":97,"column":8},"end":{"line":97,"column":8}},{"start":{"line":97,"column":8},"end":{"line":97,"column":8}}]},"2":{"line":106,"type":"if","locations":[{"start":{"line":106,"column":8},"end":{"line":106,"column":8}},{"start":{"line":106,"column":8},"end":{"line":106,"column":8}}]},"3":{"line":107,"type":"if","locations":[{"start":{"line":107,"column":8},"end":{"line":107,"column":8}},{"start":{"line":107,"column":8},"end":{"line":107,"column":8}}]},"4":{"line":131,"type":"if","locations":[{"start":{"line":131,"column":8},"end":{"line":131,"column":8}},{"start":{"line":131,"column":8},"end":{"line":131,"column":8}}]},"5":{"line":132,"type":"if","locations":[{"start":{"line":132,"column":8},"end":{"line":132,"column":8}},{"start":{"line":132,"column":8},"end":{"line":132,"column":8}}]},"6":{"line":135,"type":"if","locations":[{"start":{"line":135,"column":8},"end":{"line":135,"column":8}},{"start":{"line":135,"column":8},"end":{"line":135,"column":8}}]},"7":{"line":136,"type":"if","locations":[{"start":{"line":136,"column":8},"end":{"line":136,"column":8}},{"start":{"line":136,"column":8},"end":{"line":136,"column":8}}]},"8":{"line":168,"type":"if","locations":[{"start":{"line":168,"column":8},"end":{"line":168,"column":8}},{"start":{"line":168,"column":8},"end":{"line":168,"column":8}}]},"9":{"line":170,"type":"if","locations":[{"start":{"line":170,"column":8},"end":{"line":170,"column":8}},{"start":{"line":170,"column":8},"end":{"line":170,"column":8}}]},"10":{"line":199,"type":"if","locations":[{"start":{"line":199,"column":8},"end":{"line":199,"column":8}},{"start":{"line":199,"column":8},"end":{"line":199,"column":8}}]},"11":{"line":238,"type":"if","locations":[{"start":{"line":238,"column":8},"end":{"line":238,"column":8}},{"start":{"line":238,"column":8},"end":{"line":238,"column":8}}]},"12":{"line":253,"type":"if","locations":[{"start":{"line":253,"column":8},"end":{"line":253,"column":8}},{"start":{"line":253,"column":8},"end":{"line":253,"column":8}}]},"13":{"line":268,"type":"if","locations":[{"start":{"line":268,"column":8},"end":{"line":268,"column":8}},{"start":{"line":268,"column":8},"end":{"line":268,"column":8}}]},"14":{"line":269,"type":"if","locations":[{"start":{"line":269,"column":12},"end":{"line":269,"column":12}},{"start":{"line":269,"column":12},"end":{"line":269,"column":12}}]},"15":{"line":271,"type":"if","locations":[{"start":{"line":271,"column":12},"end":{"line":271,"column":12}},{"start":{"line":271,"column":12},"end":{"line":271,"column":12}}]},"16":{"line":292,"type":"if","locations":[{"start":{"line":292,"column":12},"end":{"line":292,"column":12}},{"start":{"line":292,"column":12},"end":{"line":292,"column":12}}]},"17":{"line":299,"type":"if","locations":[{"start":{"line":299,"column":8},"end":{"line":299,"column":8}},{"start":{"line":299,"column":8},"end":{"line":299,"column":8}}]},"18":{"line":313,"type":"if","locations":[{"start":{"line":313,"column":8},"end":{"line":313,"column":8}},{"start":{"line":313,"column":8},"end":{"line":313,"column":8}}]},"19":{"line":315,"type":"if","locations":[{"start":{"line":315,"column":12},"end":{"line":315,"column":12}},{"start":{"line":315,"column":12},"end":{"line":315,"column":12}}]}}},
"contracts/CarpediemFactory.sol":{"l":{"34":21,"35":20,"36":19,"37":18,"38":17,"39":16,"40":15,"41":15,"42":71,"43":70,"45":14,"47":13,"48":13,"59":13,"60":13,"63":13,"64":12,"65":12,"66":12},"path":"/Users/sergeyvagapov/Solidity/carpediem-sc/contracts/CarpediemFactory.sol","s":{"1":21,"2":20,"3":19,"4":18,"5":17,"6":16,"7":15,"8":15,"9":71,"10":70,"11":14,"12":13,"13":13,"14":13,"15":13,"16":12,"17":12,"18":12},"b":{"1":[20,1],"2":[19,1],"3":[18,1],"4":[17,1],"5":[16,1],"6":[15,1],"7":[70,1],"8":[13,1]},"f":{"1":21},"fnMap":{"1":{"name":"createPool","line":33,"loc":{"start":{"line":24,"column":4},"end":{"line":68,"column":4}}}},"statementMap":{"1":{"start":{"line":34,"column":8},"end":{"line":34,"column":68}},"2":{"start":{"line":35,"column":8},"end":{"line":35,"column":60}},"3":{"start":{"line":36,"column":8},"end":{"line":36,"column":58}},"4":{"start":{"line":37,"column":8},"end":{"line":37,"column":67}},"5":{"start":{"line":38,"column":8},"end":{"line":38,"column":67}},"6":{"start":{"line":39,"column":8},"end":{"line":39,"column":77}},"7":{"start":{"line":40,"column":8},"end":{"line":40,"column":19}},"8":{"start":{"line":41,"column":8},"end":{"line":41,"column":1303}},"9":{"start":{"line":42,"column":12},"end":{"line":42,"column":70}},"10":{"start":{"line":43,"column":12},"end":{"line":43,"column":30}},"11":{"start":{"line":45,"column":8},"end":{"line":45,"column":64}},"12":{"start":{"line":47,"column":8},"end":{"line":47,"column":58}},"13":{"start":{"line":48,"column":8},"end":{"line":48,"column":1605}},"14":{"start":{"line":59,"column":8},"end":{"line":59,"column":20}},"15":{"start":{"line":63,"column":8},"end":{"line":63,"column":52}},"16":{"start":{"line":64,"column":8},"end":{"line":64,"column":29}},"17":{"start":{"line":65,"column":8},"end":{"line":65,"column":26}},"18":{"start":{"line":66,"column":8},"end":{"line":66,"column":117}}},"branchMap":{"1":{"line":34,"type":"if","locations":[{"start":{"line":34,"column":8},"end":{"line":34,"column":8}},{"start":{"line":34,"column":8},"end":{"line":34,"column":8}}]},"2":{"line":35,"type":"if","locations":[{"start":{"line":35,"column":8},"end":{"line":35,"column":8}},{"start":{"line":35,"column":8},"end":{"line":35,"column":8}}]},"3":{"line":36,"type":"if","locations":[{"start":{"line":36,"column":8},"end":{"line":36,"column":8}},{"start":{"line":36,"column":8},"end":{"line":36,"column":8}}]},"4":{"line":37,"type":"if","locations":[{"start":{"line":37,"column":8},"end":{"line":37,"column":8}},{"start":{"line":37,"column":8},"end":{"line":37,"column":8}}]},"5":{"line":38,"type":"if","locations":[{"start":{"line":38,"column":8},"end":{"line":38,"column":8}},{"start":{"line":38,"column":8},"end":{"line":38,"column":8}}]},"6":{"line":39,"type":"if","locations":[{"start":{"line":39,"column":8},"end":{"line":39,"column":8}},{"start":{"line":39,"column":8},"end":{"line":39,"column":8}}]},"7":{"line":42,"type":"if","locations":[{"start":{"line":42,"column":12},"end":{"line":42,"column":12}},{"start":{"line":42,"column":12},"end":{"line":42,"column":12}}]},"8":{"line":45,"type":"if","locations":[{"start":{"line":45,"column":8},"end":{"line":45,"column":8}},{"start":{"line":45,"column":8},"end":{"line":45,"column":8}}]}}},
"contracts/Token.sol":{"l":{"8":27},"path":"/Users/sergeyvagapov/Solidity/carpediem-sc/contracts/Token.sol","s":{"1":27},"b":{},"f":{"1":27},"fnMap":{"1":{"name":"constructor","line":7,"loc":{"start":{"line":7,"column":4},"end":{"line":9,"column":4}}}},"statementMap":{"1":{"start":{"line":8,"column":8},"end":{"line":8,"column":33}}},"branchMap":{}}}
