{
"contracts/Carpediem.sol":{"l":{"86":33,"87":33,"88":33,"89":33,"90":33,"91":33,"100":10,"101":10,"102":10,"103":10,"104":10,"105":10,"114":10,"115":10,"119":27,"120":27,"121":27,"122":27,"123":27,"124":27,"125":27,"126":27,"127":27,"128":27,"129":27,"133":1,"134":1,"135":1,"136":1,"137":1,"138":1,"139":1,"140":1,"141":1,"142":1,"143":1,"144":1,"145":1,"146":1,"151":10,"152":10,"153":10,"154":10,"155":10,"157":10,"158":10,"159":10,"160":10,"161":10,"166":22,"167":22,"168":22,"169":22,"170":11,"172":22,"176":28,"177":28,"178":28,"179":28,"188":28,"189":28,"190":28,"193":28,"194":28,"198":28,"199":28,"200":28,"204":28,"205":28,"206":0,"210":10,"211":10,"212":10,"213":3,"214":1,"215":1,"216":1,"217":1,"219":7,"223":10,"224":10,"225":10,"226":10,"227":10,"228":10,"229":10,"233":10,"234":10,"235":10,"236":2,"237":2,"238":2},"path":"/Users/sergeyvagapov/Solidity/carpediem-sc/contracts/Carpediem.sol","s":{"1":33,"2":33,"3":33,"4":33,"5":33,"6":33,"7":10,"8":10,"9":10,"10":10,"11":10,"12":10,"13":10,"14":27,"15":27,"16":27,"17":27,"18":27,"19":27,"20":27,"21":27,"22":27,"23":27,"24":27,"25":1,"26":1,"27":1,"28":1,"29":1,"30":1,"31":1,"32":1,"33":1,"34":1,"35":1,"36":1,"37":1,"38":1,"39":10,"40":10,"41":10,"42":10,"43":10,"44":10,"45":10,"46":10,"47":10,"48":22,"49":22,"50":22,"51":22,"52":11,"53":22,"54":28,"55":28,"56":28,"57":28,"58":28,"59":28,"60":28,"61":28,"62":28,"63":28,"64":28,"65":0,"66":28,"67":28,"68":28,"69":28,"70":0,"71":10,"72":10,"73":10,"74":3,"75":2,"76":1,"77":1,"78":0,"79":1,"80":1,"81":7,"82":10,"83":10,"84":10,"85":10,"86":10,"87":10,"88":10,"89":10,"90":10,"91":10,"92":2,"93":2,"94":2},"b":{"1":[33,0],"2":[33,0],"3":[33,0],"4":[10,0],"5":[10,0],"6":[10,0],"7":[10,0],"8":[10,0],"9":[27,0],"10":[27,0],"11":[27,0],"12":[27,0],"13":[27,0],"14":[1,0],"15":[1,0],"16":[1,0],"17":[1,0],"18":[1,0],"19":[10,0],"20":[10,0],"21":[11,11],"22":[0,28],"23":[28,0],"24":[3,7],"25":[2,1],"26":[0,1],"27":[2,8]},"f":{"1":33,"2":10,"3":27,"4":1,"5":10,"6":22,"7":28,"8":28,"9":28,"10":28,"11":10,"12":10,"13":10},"fnMap":{"1":{"name":"constructor","line":81,"loc":{"start":{"line":81,"column":4},"end":{"line":92,"column":4}}},"2":{"name":"createPool","line":99,"loc":{"start":{"line":94,"column":4},"end":{"line":116,"column":4}}},"3":{"name":"deposit","line":118,"loc":{"start":{"line":118,"column":4},"end":{"line":130,"column":4}}},"4":{"name":"extraDeposit","line":132,"loc":{"start":{"line":132,"column":4},"end":{"line":148,"column":4}}},"5":{"name":"withdraw","line":150,"loc":{"start":{"line":150,"column":4},"end":{"line":163,"column":4}}},"6":{"name":"getReward","line":165,"loc":{"start":{"line":165,"column":5},"end":{"line":173,"column":4}}},"7":{"name":"_buySharesForUser","line":175,"loc":{"start":{"line":175,"column":4},"end":{"line":180,"column":4}}},"8":{"name":"_boostSharesForUser","line":182,"loc":{"start":{"line":182,"column":4},"end":{"line":195,"column":4}}},"9":{"name":"_getBonusB","line":197,"loc":{"start":{"line":197,"column":4},"end":{"line":201,"column":4}}},"10":{"name":"_getBonusL","line":203,"loc":{"start":{"line":203,"column":4},"end":{"line":207,"column":4}}},"11":{"name":"_getPenalty","line":209,"loc":{"start":{"line":209,"column":4},"end":{"line":220,"column":4}}},"12":{"name":"_distributePenalty","line":222,"loc":{"start":{"line":222,"column":4},"end":{"line":230,"column":4}}},"13":{"name":"_changeSharesPrice","line":232,"loc":{"start":{"line":232,"column":4},"end":{"line":240,"column":4}}}},"statementMap":{"1":{"start":{"line":86,"column":8},"end":{"line":86,"column":76}},"2":{"start":{"line":87,"column":8},"end":{"line":87,"column":80}},"3":{"start":{"line":88,"column":8},"end":{"line":88,"column":72}},"4":{"start":{"line":89,"column":8},"end":{"line":89,"column":37}},"5":{"start":{"line":90,"column":8},"end":{"line":90,"column":41}},"6":{"start":{"line":91,"column":8},"end":{"line":91,"column":33}},"7":{"start":{"line":100,"column":8},"end":{"line":100,"column":72}},"8":{"start":{"line":101,"column":8},"end":{"line":101,"column":60}},"9":{"start":{"line":102,"column":8},"end":{"line":102,"column":58}},"10":{"start":{"line":103,"column":8},"end":{"line":103,"column":67}},"11":{"start":{"line":104,"column":8},"end":{"line":104,"column":67}},"12":{"start":{"line":105,"column":8},"end":{"line":105,"column":3064}},"13":{"start":{"line":115,"column":8},"end":{"line":115,"column":73}},"14":{"start":{"line":119,"column":8},"end":{"line":119,"column":37}},"15":{"start":{"line":120,"column":8},"end":{"line":120,"column":60}},"16":{"start":{"line":121,"column":8},"end":{"line":121,"column":66}},"17":{"start":{"line":122,"column":8},"end":{"line":122,"column":77}},"18":{"start":{"line":123,"column":8},"end":{"line":123,"column":53}},"19":{"start":{"line":124,"column":8},"end":{"line":124,"column":48}},"20":{"start":{"line":125,"column":8},"end":{"line":125,"column":49}},"21":{"start":{"line":126,"column":8},"end":{"line":126,"column":58}},"22":{"start":{"line":127,"column":8},"end":{"line":127,"column":62}},"23":{"start":{"line":128,"column":8},"end":{"line":128,"column":79}},"24":{"start":{"line":129,"column":8},"end":{"line":129,"column":52}},"25":{"start":{"line":133,"column":8},"end":{"line":133,"column":37}},"26":{"start":{"line":134,"column":8},"end":{"line":134,"column":60}},"27":{"start":{"line":135,"column":8},"end":{"line":135,"column":66}},"28":{"start":{"line":136,"column":8},"end":{"line":136,"column":53}},"29":{"start":{"line":137,"column":8},"end":{"line":137,"column":71}},"30":{"start":{"line":138,"column":8},"end":{"line":138,"column":60}},"31":{"start":{"line":139,"column":8},"end":{"line":139,"column":56}},"32":{"start":{"line":140,"column":8},"end":{"line":140,"column":70}},"33":{"start":{"line":141,"column":8},"end":{"line":141,"column":72}},"34":{"start":{"line":142,"column":8},"end":{"line":142,"column":49}},"35":{"start":{"line":143,"column":8},"end":{"line":143,"column":65}},"36":{"start":{"line":144,"column":8},"end":{"line":144,"column":105}},"37":{"start":{"line":145,"column":8},"end":{"line":145,"column":62}},"38":{"start":{"line":146,"column":8},"end":{"line":146,"column":126}},"39":{"start":{"line":151,"column":8},"end":{"line":151,"column":37}},"40":{"start":{"line":152,"column":8},"end":{"line":152,"column":60}},"41":{"start":{"line":153,"column":8},"end":{"line":153,"column":66}},"42":{"start":{"line":154,"column":8},"end":{"line":154,"column":60}},"43":{"start":{"line":155,"column":8},"end":{"line":155,"column":50}},"44":{"start":{"line":157,"column":8},"end":{"line":157,"column":70}},"45":{"start":{"line":158,"column":8},"end":{"line":158,"column":69}},"46":{"start":{"line":159,"column":8},"end":{"line":159,"column":50}},"47":{"start":{"line":161,"column":8},"end":{"line":161,"column":66}},"48":{"start":{"line":166,"column":8},"end":{"line":166,"column":60}},"49":{"start":{"line":167,"column":8},"end":{"line":167,"column":60}},"50":{"start":{"line":168,"column":8},"end":{"line":168,"column":45}},"51":{"start":{"line":169,"column":8},"end":{"line":169,"column":6269}},"52":{"start":{"line":170,"column":12},"end":{"line":170,"column":96}},"53":{"start":{"line":172,"column":8},"end":{"line":172,"column":21}},"54":{"start":{"line":176,"column":8},"end":{"line":176,"column":65}},"55":{"start":{"line":177,"column":8},"end":{"line":177,"column":79}},"56":{"start":{"line":178,"column":8},"end":{"line":178,"column":49}},"57":{"start":{"line":179,"column":8},"end":{"line":179,"column":26}},"58":{"start":{"line":188,"column":8},"end":{"line":188,"column":76}},"59":{"start":{"line":189,"column":8},"end":{"line":189,"column":52}},"60":{"start":{"line":190,"column":8},"end":{"line":190,"column":7112}},"61":{"start":{"line":193,"column":8},"end":{"line":193,"column":61}},"62":{"start":{"line":194,"column":8},"end":{"line":194,"column":71}},"63":{"start":{"line":198,"column":8},"end":{"line":198,"column":51}},"64":{"start":{"line":199,"column":8},"end":{"line":199,"column":117}},"65":{"start":{"line":199,"column":30},"end":{"line":199,"column":117}},"66":{"start":{"line":200,"column":8},"end":{"line":200,"column":73}},"67":{"start":{"line":204,"column":8},"end":{"line":204,"column":51}},"68":{"start":{"line":205,"column":8},"end":{"line":205,"column":111}},"69":{"start":{"line":205,"column":27},"end":{"line":205,"column":111}},"70":{"start":{"line":206,"column":8},"end":{"line":206,"column":73}},"71":{"start":{"line":210,"column":8},"end":{"line":210,"column":55}},"72":{"start":{"line":211,"column":8},"end":{"line":211,"column":56}},"73":{"start":{"line":212,"column":8},"end":{"line":212,"column":8312}},"74":{"start":{"line":213,"column":12},"end":{"line":213,"column":76}},"75":{"start":{"line":213,"column":68},"end":{"line":213,"column":76}},"76":{"start":{"line":214,"column":12},"end":{"line":214,"column":75}},"77":{"start":{"line":215,"column":12},"end":{"line":215,"column":47}},"78":{"start":{"line":215,"column":32},"end":{"line":215,"column":47}},"79":{"start":{"line":216,"column":12},"end":{"line":216,"column":94}},"80":{"start":{"line":217,"column":12},"end":{"line":217,"column":30}},"81":{"start":{"line":219,"column":8},"end":{"line":219,"column":84}},"82":{"start":{"line":223,"column":8},"end":{"line":223,"column":99}},"83":{"start":{"line":224,"column":8},"end":{"line":224,"column":104}},"84":{"start":{"line":225,"column":8},"end":{"line":225,"column":108}},"85":{"start":{"line":226,"column":8},"end":{"line":226,"column":96}},"86":{"start":{"line":227,"column":8},"end":{"line":227,"column":63}},"87":{"start":{"line":228,"column":8},"end":{"line":228,"column":42}},"88":{"start":{"line":229,"column":8},"end":{"line":229,"column":130}},"89":{"start":{"line":233,"column":8},"end":{"line":233,"column":53}},"90":{"start":{"line":234,"column":8},"end":{"line":234,"column":56}},"91":{"start":{"line":235,"column":8},"end":{"line":235,"column":9769}},"92":{"start":{"line":236,"column":12},"end":{"line":236,"column":64}},"93":{"start":{"line":237,"column":12},"end":{"line":237,"column":48}},"94":{"start":{"line":238,"column":12},"end":{"line":238,"column":45}}},"branchMap":{"1":{"line":86,"type":"if","locations":[{"start":{"line":86,"column":8},"end":{"line":86,"column":8}},{"start":{"line":86,"column":8},"end":{"line":86,"column":8}}]},"2":{"line":87,"type":"if","locations":[{"start":{"line":87,"column":8},"end":{"line":87,"column":8}},{"start":{"line":87,"column":8},"end":{"line":87,"column":8}}]},"3":{"line":88,"type":"if","locations":[{"start":{"line":88,"column":8},"end":{"line":88,"column":8}},{"start":{"line":88,"column":8},"end":{"line":88,"column":8}}]},"4":{"line":100,"type":"if","locations":[{"start":{"line":100,"column":8},"end":{"line":100,"column":8}},{"start":{"line":100,"column":8},"end":{"line":100,"column":8}}]},"5":{"line":101,"type":"if","locations":[{"start":{"line":101,"column":8},"end":{"line":101,"column":8}},{"start":{"line":101,"column":8},"end":{"line":101,"column":8}}]},"6":{"line":102,"type":"if","locations":[{"start":{"line":102,"column":8},"end":{"line":102,"column":8}},{"start":{"line":102,"column":8},"end":{"line":102,"column":8}}]},"7":{"line":103,"type":"if","locations":[{"start":{"line":103,"column":8},"end":{"line":103,"column":8}},{"start":{"line":103,"column":8},"end":{"line":103,"column":8}}]},"8":{"line":104,"type":"if","locations":[{"start":{"line":104,"column":8},"end":{"line":104,"column":8}},{"start":{"line":104,"column":8},"end":{"line":104,"column":8}}]},"9":{"line":120,"type":"if","locations":[{"start":{"line":120,"column":8},"end":{"line":120,"column":8}},{"start":{"line":120,"column":8},"end":{"line":120,"column":8}}]},"10":{"line":121,"type":"if","locations":[{"start":{"line":121,"column":8},"end":{"line":121,"column":8}},{"start":{"line":121,"column":8},"end":{"line":121,"column":8}}]},"11":{"line":122,"type":"if","locations":[{"start":{"line":122,"column":8},"end":{"line":122,"column":8}},{"start":{"line":122,"column":8},"end":{"line":122,"column":8}}]},"12":{"line":123,"type":"if","locations":[{"start":{"line":123,"column":8},"end":{"line":123,"column":8}},{"start":{"line":123,"column":8},"end":{"line":123,"column":8}}]},"13":{"line":124,"type":"if","locations":[{"start":{"line":124,"column":8},"end":{"line":124,"column":8}},{"start":{"line":124,"column":8},"end":{"line":124,"column":8}}]},"14":{"line":134,"type":"if","locations":[{"start":{"line":134,"column":8},"end":{"line":134,"column":8}},{"start":{"line":134,"column":8},"end":{"line":134,"column":8}}]},"15":{"line":135,"type":"if","locations":[{"start":{"line":135,"column":8},"end":{"line":135,"column":8}},{"start":{"line":135,"column":8},"end":{"line":135,"column":8}}]},"16":{"line":136,"type":"if","locations":[{"start":{"line":136,"column":8},"end":{"line":136,"column":8}},{"start":{"line":136,"column":8},"end":{"line":136,"column":8}}]},"17":{"line":137,"type":"if","locations":[{"start":{"line":137,"column":8},"end":{"line":137,"column":8}},{"start":{"line":137,"column":8},"end":{"line":137,"column":8}}]},"18":{"line":140,"type":"if","locations":[{"start":{"line":140,"column":8},"end":{"line":140,"column":8}},{"start":{"line":140,"column":8},"end":{"line":140,"column":8}}]},"19":{"line":152,"type":"if","locations":[{"start":{"line":152,"column":8},"end":{"line":152,"column":8}},{"start":{"line":152,"column":8},"end":{"line":152,"column":8}}]},"20":{"line":153,"type":"if","locations":[{"start":{"line":153,"column":8},"end":{"line":153,"column":8}},{"start":{"line":153,"column":8},"end":{"line":153,"column":8}}]},"21":{"line":169,"type":"if","locations":[{"start":{"line":169,"column":8},"end":{"line":169,"column":8}},{"start":{"line":169,"column":8},"end":{"line":169,"column":8}}]},"22":{"line":199,"type":"if","locations":[{"start":{"line":199,"column":8},"end":{"line":199,"column":8}},{"start":{"line":199,"column":8},"end":{"line":199,"column":8}}]},"23":{"line":205,"type":"if","locations":[{"start":{"line":205,"column":8},"end":{"line":205,"column":8}},{"start":{"line":205,"column":8},"end":{"line":205,"column":8}}]},"24":{"line":212,"type":"if","locations":[{"start":{"line":212,"column":8},"end":{"line":212,"column":8}},{"start":{"line":212,"column":8},"end":{"line":212,"column":8}}]},"25":{"line":213,"type":"if","locations":[{"start":{"line":213,"column":12},"end":{"line":213,"column":12}},{"start":{"line":213,"column":12},"end":{"line":213,"column":12}}]},"26":{"line":215,"type":"if","locations":[{"start":{"line":215,"column":12},"end":{"line":215,"column":12}},{"start":{"line":215,"column":12},"end":{"line":215,"column":12}}]},"27":{"line":235,"type":"if","locations":[{"start":{"line":235,"column":8},"end":{"line":235,"column":8}},{"start":{"line":235,"column":8},"end":{"line":235,"column":8}}]}}},
"contracts/Token.sol":{"l":{"8":33},"path":"/Users/sergeyvagapov/Solidity/carpediem-sc/contracts/Token.sol","s":{"1":33},"b":{},"f":{"1":33},"fnMap":{"1":{"name":"constructor","line":7,"loc":{"start":{"line":7,"column":4},"end":{"line":9,"column":4}}}},"statementMap":{"1":{"start":{"line":8,"column":8},"end":{"line":8,"column":33}}},"branchMap":{}}}
