TN:
SF:/Users/sergeyvagapov/Solidity/carpediem-sc/contracts/Carpediem.sol
FN:88,createPool
FN:118,setWallets
FN:123,deposit
FN:151,upgradeStake
FN:191,withdraw
FN:208,getPenalty
FN:218,getReward
FN:236,_buyShares
FN:248,_getBoostedShares
FN:260,_getBonusB
FN:274,_getBonusL
FN:288,_getPenalty
FN:311,_distributePenalty
FN:332,_changeSharesPrice
FNF:14
FNH:11
FNDA:1,createPool
FNDA:0,setWallets
FNDA:2,deposit
FNDA:0,upgradeStake
FNDA:1,withdraw
FNDA:0,getPenalty
FNDA:1,getReward
FNDA:2,_buyShares
FNDA:2,_getBoostedShares
FNDA:2,_getBonusB
FNDA:2,_getBonusL
FNDA:1,_getPenalty
FNDA:1,_distributePenalty
FNDA:1,_changeSharesPrice
DA:89,1
DA:90,1
DA:91,1
DA:92,1
DA:93,1
DA:94,1
DA:95,1
DA:96,1
DA:97,5
DA:98,5
DA:100,1
DA:101,1
DA:114,1
DA:115,1
DA:119,0
DA:120,0
DA:128,2
DA:129,2
DA:130,2
DA:131,2
DA:132,2
DA:133,2
DA:134,2
DA:136,2
DA:148,2
DA:152,0
DA:153,0
DA:154,0
DA:155,0
DA:156,0
DA:157,0
DA:158,0
DA:159,0
DA:160,0
DA:161,0
DA:162,0
DA:163,0
DA:164,0
DA:171,0
DA:172,0
DA:182,0
DA:192,1
DA:193,1
DA:194,1
DA:195,1
DA:196,1
DA:197,1
DA:198,1
DA:199,1
DA:200,1
DA:201,1
DA:202,1
DA:204,1
DA:205,1
DA:213,0
DA:214,0
DA:215,0
DA:223,1
DA:224,1
DA:225,1
DA:226,1
DA:227,0
DA:232,1
DA:241,2
DA:242,2
DA:244,2
DA:254,2
DA:265,2
DA:266,2
DA:267,2
DA:268,1
DA:271,1
DA:279,2
DA:280,2
DA:281,2
DA:282,1
DA:285,1
DA:295,1
DA:296,1
DA:297,1
DA:298,0
DA:299,0
DA:300,0
DA:301,0
DA:304,0
DA:306,1
DA:317,1
DA:318,1
DA:319,1
DA:320,4
DA:326,1
DA:327,1
DA:337,1
DA:338,1
DA:339,0
DA:340,0
DA:341,0
DA:342,0
LF:98
LH:67
BRDA:89,1,0,1
BRDA:89,1,1,0
BRDA:90,2,0,1
BRDA:90,2,1,0
BRDA:91,3,0,1
BRDA:91,3,1,0
BRDA:92,4,0,1
BRDA:92,4,1,0
BRDA:93,5,0,1
BRDA:93,5,1,0
BRDA:94,6,0,1
BRDA:94,6,1,0
BRDA:97,7,0,5
BRDA:97,7,1,0
BRDA:100,8,0,1
BRDA:100,8,1,0
BRDA:119,9,0,0
BRDA:119,9,1,0
BRDA:129,10,0,2
BRDA:129,10,1,0
BRDA:130,11,0,2
BRDA:130,11,1,0
BRDA:131,12,0,2
BRDA:131,12,1,0
BRDA:153,13,0,0
BRDA:153,13,1,0
BRDA:154,14,0,0
BRDA:154,14,1,0
BRDA:155,15,0,0
BRDA:155,15,1,0
BRDA:158,16,0,0
BRDA:158,16,1,0
BRDA:159,17,0,0
BRDA:159,17,1,0
BRDA:193,18,0,1
BRDA:193,18,1,0
BRDA:194,19,0,1
BRDA:194,19,1,0
BRDA:196,20,0,1
BRDA:196,20,1,0
BRDA:226,21,0,0
BRDA:226,21,1,1
BRDA:267,22,0,1
BRDA:267,22,1,1
BRDA:281,23,0,1
BRDA:281,23,1,1
BRDA:297,24,0,0
BRDA:297,24,1,1
BRDA:298,25,0,0
BRDA:298,25,1,0
BRDA:300,26,0,0
BRDA:300,26,1,0
BRDA:320,27,0,4
BRDA:320,27,1,0
BRDA:338,28,0,0
BRDA:338,28,1,1
BRDA:340,29,0,0
BRDA:340,29,1,0
BRF:58
BRH:22
end_of_record
TN:
SF:/Users/sergeyvagapov/Solidity/carpediem-sc/contracts/Token.sol
FN:7,constructor
FNF:1
FNH:1
FNDA:3,constructor
DA:8,3
LF:1
LH:1
BRF:0
BRH:0
end_of_record
