TN:
SF:/Users/sergeyvagapov/Solidity/carpediem-sc/contracts/Carpediem.sol
FN:88,constructor
FN:109,createPool
FN:128,deposit
FN:149,extraDeposit
FN:180,withdraw
FN:193,getPenalty
FN:203,getReward
FN:221,_buySharesForUser
FN:233,_boostSharesForUser
FN:248,_getBonusB
FN:261,_getBonusL
FN:274,_getPenalty
FN:296,_distributePenalty
FN:323,_changeSharesPrice
FNF:14
FNH:14
FNDA:105,constructor
FNDA:31,createPool
FNDA:56,deposit
FNDA:5,extraDeposit
FNDA:18,withdraw
FNDA:1,getPenalty
FNDA:30,getReward
FNDA:53,_buySharesForUser
FNDA:53,_boostSharesForUser
FNDA:53,_getBonusB
FNDA:53,_getBonusL
FNDA:18,_getPenalty
FNDA:17,_distributePenalty
FNDA:17,_changeSharesPrice
DA:93,105
DA:94,104
DA:98,103
DA:99,102
DA:100,102
DA:101,102
DA:110,31
DA:111,30
DA:112,29
DA:113,28
DA:114,27
DA:115,26
DA:124,26
DA:125,26
DA:133,56
DA:134,56
DA:135,55
DA:136,54
DA:137,53
DA:138,52
DA:139,52
DA:140,52
DA:141,52
DA:146,52
DA:150,5
DA:151,5
DA:152,4
DA:153,3
DA:154,2
DA:155,2
DA:156,2
DA:157,1
DA:158,1
DA:159,1
DA:160,1
DA:166,1
DA:167,1
DA:172,1
DA:181,18
DA:182,18
DA:183,17
DA:184,17
DA:185,17
DA:186,17
DA:187,17
DA:188,17
DA:189,17
DA:190,17
DA:198,1
DA:199,1
DA:200,1
DA:208,30
DA:209,30
DA:210,30
DA:211,30
DA:212,13
DA:217,30
DA:226,53
DA:227,53
DA:229,53
DA:239,53
DA:240,53
DA:241,53
DA:244,53
DA:245,53
DA:253,53
DA:254,53
DA:255,51
DA:258,2
DA:266,53
DA:267,53
DA:268,51
DA:271,2
DA:280,18
DA:281,18
DA:282,18
DA:283,5
DA:284,2
DA:285,2
DA:286,1
DA:289,1
DA:291,13
DA:301,17
DA:305,17
DA:309,17
DA:313,17
DA:317,17
DA:318,17
DA:328,17
DA:329,17
DA:330,17
DA:331,3
DA:332,3
DA:333,3
LF:94
LH:94
BRDA:93,1,0,104
BRDA:93,1,1,1
BRDA:94,2,0,103
BRDA:94,2,1,1
BRDA:98,3,0,102
BRDA:98,3,1,1
BRDA:110,4,0,30
BRDA:110,4,1,1
BRDA:111,5,0,29
BRDA:111,5,1,1
BRDA:112,6,0,28
BRDA:112,6,1,1
BRDA:113,7,0,27
BRDA:113,7,1,1
BRDA:114,8,0,26
BRDA:114,8,1,1
BRDA:134,9,0,55
BRDA:134,9,1,1
BRDA:135,10,0,54
BRDA:135,10,1,1
BRDA:136,11,0,53
BRDA:136,11,1,1
BRDA:137,12,0,52
BRDA:137,12,1,1
BRDA:151,13,0,4
BRDA:151,13,1,1
BRDA:152,14,0,3
BRDA:152,14,1,1
BRDA:153,15,0,2
BRDA:153,15,1,1
BRDA:156,16,0,1
BRDA:156,16,1,1
BRDA:182,17,0,17
BRDA:182,17,1,1
BRDA:211,18,0,13
BRDA:211,18,1,17
BRDA:254,19,0,51
BRDA:254,19,1,2
BRDA:267,20,0,51
BRDA:267,20,1,2
BRDA:282,21,0,5
BRDA:282,21,1,13
BRDA:283,22,0,3
BRDA:283,22,1,2
BRDA:285,23,0,1
BRDA:285,23,1,1
BRDA:330,24,0,3
BRDA:330,24,1,14
BRF:48
BRH:48
end_of_record
TN:
SF:/Users/sergeyvagapov/Solidity/carpediem-sc/contracts/Token.sol
FN:7,constructor
FNF:1
FNH:0
FNDA:0,constructor
DA:8,0
LF:1
LH:0
BRF:0
BRH:0
end_of_record
